# JRE version: OpenJDK Runtime Environment (8.0) (build 1.8.0-25-microsoft-b00)
# Java VM: OpenJDK 64-Bit Server VM (25.71-b00 mixed mode windows-amd64 compressed oops)
Heap:
 PSYoungGen      total 13824K, used 11458K [0x00000000d6e00000, 0x00000000d8380000, 0x0000000100000000)
  eden space 9728K, 86% used [0x00000000d6e00000,0x00000000d762d098,0x00000000d7780000)
  from space 4096K, 75% used [0x00000000d7780000,0x00000000d7a83780,0x00000000d7b80000)
  to   space 4608K, 0% used [0x00000000d7f00000,0x00000000d7f00000,0x00000000d8380000)
 ParOldGen       total 8704K, used 3921K [0x0000000084a00000, 0x0000000085280000, 0x00000000d6e00000)
  object space 8704K, 45% used [0x0000000084a00000,0x0000000084dd4680,0x0000000085280000)
 Metaspace       used 7585K, capacity 8404K, committed 8704K, reserved 1056768K
  class space    used 871K, capacity 912K, committed 1024K, reserved 1048576K
GC Heap History (10 events):
Event: 0.496 GC heap before
{Heap before GC invocations=6 (full 0):
 PSYoungGen      total 3584K, used 3454K [0x00000000d6e00000, 0x00000000d7600000, 0x0000000100000000)
  eden space 3072K, 96% used [0x00000000d6e00000,0x00000000d70e18a0,0x00000000d7100000)
  from space 512K, 98% used [0x00000000d7100000,0x00000000d717e010,0x00000000d7180000)
  to   space 1024K, 0% used [0x00000000d7500000,0x00000000d7500000,0x00000000d7600000)
 ParOldGen       total 5632K, used 912K [0x0000000084a00000, 0x0000000084f80000, 0x00000000d6e00000)
  object space 5632K, 16% used [0x0000000084a00000,0x0000000084ae40b0,0x0000000084f80000)
 Metaspace       used 6910K, capacity 7860K, committed 8064K, reserved 1056768K
  class space    used 829K, capacity 880K, committed 896K, reserved 1048576K
Event: 0.498 GC heap after
Heap after GC invocations=6 (full 0):
 PSYoungGen      total 6656K, used 1016K [0x00000000d6e00000, 0x00000000d7700000, 0x0000000100000000)
  eden space 5632K, 0% used [0x00000000d6e00000,0x00000000d6e00000,0x00000000d7380000)
  from space 1024K, 99% used [0x00000000d7500000,0x00000000d75fe010,0x00000000d7600000)
  to   space 1536K, 0% used [0x00000000d7380000,0x00000000d7380000,0x00000000d7500000)
 ParOldGen       total 5632K, used 1036K [0x0000000084a00000, 0x0000000084f80000, 0x00000000d6e00000)
  object space 5632K, 18% used [0x0000000084a00000,0x0000000084b03230,0x0000000084f80000)
 Metaspace       used 6910K, capacity 7860K, committed 8064K, reserved 1056768K
  class space    used 829K, capacity 880K, committed 896K, reserved 1048576K
}
Event: 0.601 GC heap before
{Heap before GC invocations=7 (full 0):
 PSYoungGen      total 6656K, used 6484K [0x00000000d6e00000, 0x00000000d7700000, 0x0000000100000000)
  eden space 5632K, 97% used [0x00000000d6e00000,0x00000000d73570e8,0x00000000d7380000)
  from space 1024K, 99% used [0x00000000d7500000,0x00000000d75fe010,0x00000000d7600000)
  to   space 1536K, 0% used [0x00000000d7380000,0x00000000d7380000,0x00000000d7500000)
 ParOldGen       total 5632K, used 1036K [0x0000000084a00000, 0x0000000084f80000, 0x00000000d6e00000)
  object space 5632K, 18% used [0x0000000084a00000,0x0000000084b03230,0x0000000084f80000)
 Metaspace       used 7353K, capacity 8244K, committed 8320K, reserved 1056768K
  class space    used 858K, capacity 880K, committed 896K, reserved 1048576K
Event: 0.603 GC heap after
Heap after GC invocations=7 (full 0):
 PSYoungGen      total 7168K, used 1507K [0x00000000d6e00000, 0x00000000d7e00000, 0x0000000100000000)
  eden space 5632K, 0% used [0x00000000d6e00000,0x00000000d6e00000,0x00000000d7380000)
  from space 1536K, 98% used [0x00000000d7380000,0x00000000d74f8d48,0x00000000d7500000)
  to   space 2560K, 0% used [0x00000000d7b80000,0x00000000d7b80000,0x00000000d7e00000)
 ParOldGen       total 5632K, used 2488K [0x0000000084a00000, 0x0000000084f80000, 0x00000000d6e00000)
  object space 5632K, 44% used [0x0000000084a00000,0x0000000084c6e280,0x0000000084f80000)
 Metaspace       used 7353K, capacity 8244K, committed 8320K, reserved 1056768K
  class space    used 858K, capacity 880K, committed 896K, reserved 1048576K
}
Event: 0.676 GC heap before
{Heap before GC invocations=8 (full 0):
 PSYoungGen      total 7168K, used 7139K [0x00000000d6e00000, 0x00000000d7e00000, 0x0000000100000000)
  eden space 5632K, 100% used [0x00000000d6e00000,0x00000000d7380000,0x00000000d7380000)
  from space 1536K, 98% used [0x00000000d7380000,0x00000000d74f8d48,0x00000000d7500000)
  to   space 2560K, 0% used [0x00000000d7b80000,0x00000000d7b80000,0x00000000d7e00000)
 ParOldGen       total 5632K, used 2488K [0x0000000084a00000, 0x0000000084f80000, 0x00000000d6e00000)
  object space 5632K, 44% used [0x0000000084a00000,0x0000000084c6e280,0x0000000084f80000)
 Metaspace       used 7360K, capacity 8244K, committed 8320K, reserved 1056768K
  class space    used 858K, capacity 880K, committed 896K, reserved 1048576K
Event: 0.679 GC heap after
Heap after GC invocations=8 (full 0):
 PSYoungGen      total 12288K, used 2541K [0x00000000d6e00000, 0x00000000d8100000, 0x0000000100000000)
  eden space 9728K, 0% used [0x00000000d6e00000,0x00000000d6e00000,0x00000000d7780000)
  from space 2560K, 99% used [0x00000000d7b80000,0x00000000d7dfb6b8,0x00000000d7e00000)
  to   space 4096K, 0% used [0x00000000d7780000,0x00000000d7780000,0x00000000d7b80000)
 ParOldGen       total 5632K, used 5332K [0x0000000084a00000, 0x0000000084f80000, 0x00000000d6e00000)
  object space 5632K, 94% used [0x0000000084a00000,0x0000000084f352b8,0x0000000084f80000)
 Metaspace       used 7360K, capacity 8244K, committed 8320K, reserved 1056768K
  class space    used 858K, capacity 880K, committed 896K, reserved 1048576K
}
Event: 0.679 GC heap before
{Heap before GC invocations=9 (full 1):
 PSYoungGen      total 12288K, used 2541K [0x00000000d6e00000, 0x00000000d8100000, 0x0000000100000000)
  eden space 9728K, 0% used [0x00000000d6e00000,0x00000000d6e00000,0x00000000d7780000)
  from space 2560K, 99% used [0x00000000d7b80000,0x00000000d7dfb6b8,0x00000000d7e00000)
  to   space 4096K, 0% used [0x00000000d7780000,0x00000000d7780000,0x00000000d7b80000)
 ParOldGen       total 5632K, used 5332K [0x0000000084a00000, 0x0000000084f80000, 0x00000000d6e00000)
  object space 5632K, 94% used [0x0000000084a00000,0x0000000084f352b8,0x0000000084f80000)
 Metaspace       used 7360K, capacity 8244K, committed 8320K, reserved 1056768K
  class space    used 858K, capacity 880K, committed 896K, reserved 1048576K
Event: 0.704 GC heap after
Heap after GC invocations=9 (full 1):
 PSYoungGen      total 12288K, used 2029K [0x00000000d6e00000, 0x00000000d8100000, 0x0000000100000000)
  eden space 9728K, 0% used [0x00000000d6e00000,0x00000000d6e00000,0x00000000d7780000)
  from space 2560K, 79% used [0x00000000d7b80000,0x00000000d7d7b580,0x00000000d7e00000)
  to   space 4096K, 0% used [0x00000000d7780000,0x00000000d7780000,0x00000000d7b80000)
 ParOldGen       total 8704K, used 3849K [0x0000000084a00000, 0x0000000085280000, 0x00000000d6e00000)
  object space 8704K, 44% used [0x0000000084a00000,0x0000000084dc2680,0x0000000085280000)
 Metaspace       used 7360K, capacity 8244K, committed 8320K, reserved 1056768K
  class space    used 858K, capacity 880K, committed 896K, reserved 1048576K
}
Event: 0.745 GC heap before
{Heap before GC invocations=10 (full 1):
 PSYoungGen      total 12288K, used 11757K [0x00000000d6e00000, 0x00000000d8100000, 0x0000000100000000)
  eden space 9728K, 100% used [0x00000000d6e00000,0x00000000d7780000,0x00000000d7780000)
  from space 2560K, 79% used [0x00000000d7b80000,0x00000000d7d7b580,0x00000000d7e00000)
  to   space 4096K, 0% used [0x00000000d7780000,0x00000000d7780000,0x00000000d7b80000)
 ParOldGen       total 8704K, used 3849K [0x0000000084a00000, 0x0000000085280000, 0x00000000d6e00000)
  object space 8704K, 44% used [0x0000000084a00000,0x0000000084dc2680,0x0000000085280000)
 Metaspace       used 7361K, capacity 8244K, committed 8320K, reserved 1056768K
  class space    used 858K, capacity 880K, committed 896K, reserved 1048576K
Event: 0.749 GC heap after
Heap after GC invocations=10 (full 1):
 PSYoungGen      total 13824K, used 3085K [0x00000000d6e00000, 0x00000000d8380000, 0x0000000100000000)
  eden space 9728K, 0% used [0x00000000d6e00000,0x00000000d6e00000,0x00000000d7780000)
  from space 4096K, 75% used [0x00000000d7780000,0x00000000d7a83780,0x00000000d7b80000)
  to   space 4608K, 0% used [0x00000000d7f00000,0x00000000d7f00000,0x00000000d8380000)
 ParOldGen       total 8704K, used 3921K [0x0000000084a00000, 0x0000000085280000, 0x00000000d6e00000)
  object space 8704K, 45% used [0x0000000084a00000,0x0000000084dd4680,0x0000000085280000)
 Metaspace       used 7361K, capacity 8244K, committed 8320K, reserved 1056768K
  class space    used 858K, capacity 880K, committed 896K, reserved 1048576K
}

